[2023-07-23 01:23:26,381] INFO [Controller id=0] Newly added brokers: , deleted brokers: 1, bounced brokers: , all live brokers: 0,2 (kafka.controller.KafkaController)
[2023-07-23 01:23:26,394] INFO [RequestSendThread controllerId=0] Shutting down (kafka.controller.RequestSendThread)
[2023-07-23 01:23:26,402] INFO [RequestSendThread controllerId=0] Stopped (kafka.controller.RequestSendThread)
[2023-07-23 01:23:26,414] INFO [RequestSendThread controllerId=0] Shutdown completed (kafka.controller.RequestSendThread)
[2023-07-23 01:23:26,520] INFO [Controller id=0] Broker failure callback for 1 (kafka.controller.KafkaController)
[2023-07-23 01:23:28,362] DEBUG [Controller id=0] Unregister BrokerModifications handler for List(1) (kafka.controller.KafkaController)
[2023-07-23 01:23:28,400] INFO [Controller id=0] Updated broker epochs cache: HashMap(0 -> 25, 2 -> 61) (kafka.controller.KafkaController)
[2023-07-23 01:23:28,440] INFO [Controller id=0] Newly added brokers: 1, deleted brokers: , bounced brokers: , all live brokers: 0,1,2 (kafka.controller.KafkaController)
[2023-07-23 01:23:28,440] DEBUG [Channel manager on controller 0]: Controller 0 trying to connect to broker 1 (kafka.controller.ControllerChannelManager)
[2023-07-23 01:23:28,545] INFO [RequestSendThread controllerId=0] Controller 0 connected to abdelhak:9092 (id: 0 rack: null) for sending state change requests (kafka.controller.RequestSendThread)
[2023-07-23 01:23:28,546] INFO [RequestSendThread controllerId=0] Controller 0 connected to abdelhak:9094 (id: 2 rack: null) for sending state change requests (kafka.controller.RequestSendThread)
[2023-07-23 01:23:28,700] INFO [RequestSendThread controllerId=0] Starting (kafka.controller.RequestSendThread)
[2023-07-23 01:23:28,714] INFO [Controller id=0] New broker startup callback for 1 (kafka.controller.KafkaController)
[2023-07-23 01:23:28,733] INFO [RequestSendThread controllerId=0] Controller 0 connected to abdelhak:9093 (id: 1 rack: null) for sending state change requests (kafka.controller.RequestSendThread)
[2023-07-23 01:23:28,829] DEBUG [Controller id=0] Register BrokerModifications handler for List(1) (kafka.controller.KafkaController)
[2023-07-23 01:23:28,837] INFO [Controller id=0] Updated broker epochs cache: HashMap(0 -> 25, 1 -> 76, 2 -> 61) (kafka.controller.KafkaController)
[2023-07-23 01:26:46,813] INFO [Controller id=0] Processing automatic preferred replica leader election (kafka.controller.KafkaController)
[2023-07-23 01:26:46,813] TRACE [Controller id=0] Checking need to trigger auto leader balancing (kafka.controller.KafkaController)
[2023-07-23 01:26:46,813] DEBUG [Controller id=0] Topics not in preferred replica for broker 1 Map() (kafka.controller.KafkaController)
[2023-07-23 01:26:46,813] TRACE [Controller id=0] Leader imbalance ratio for broker 1 is 0.0 (kafka.controller.KafkaController)
[2023-07-23 01:31:46,814] INFO [Controller id=0] Processing automatic preferred replica leader election (kafka.controller.KafkaController)
[2023-07-23 01:31:46,814] TRACE [Controller id=0] Checking need to trigger auto leader balancing (kafka.controller.KafkaController)
[2023-07-23 01:31:46,814] DEBUG [Controller id=0] Topics not in preferred replica for broker 1 Map() (kafka.controller.KafkaController)
[2023-07-23 01:31:46,814] TRACE [Controller id=0] Leader imbalance ratio for broker 1 is 0.0 (kafka.controller.KafkaController)
[2023-07-23 01:36:46,823] INFO [Controller id=0] Processing automatic preferred replica leader election (kafka.controller.KafkaController)
[2023-07-23 01:36:46,841] TRACE [Controller id=0] Checking need to trigger auto leader balancing (kafka.controller.KafkaController)
[2023-07-23 01:36:46,852] DEBUG [Controller id=0] Topics not in preferred replica for broker 1 Map() (kafka.controller.KafkaController)
[2023-07-23 01:36:46,853] TRACE [Controller id=0] Leader imbalance ratio for broker 1 is 0.0 (kafka.controller.KafkaController)
